0 info it worked if it ends with ok
1 verbose cli [ '/usr/local/bin/node',
1 verbose cli   '/usr/local/bin/npm',
1 verbose cli   'install',
1 verbose cli   '--save',
1 verbose cli   'chip-io' ]
2 info using npm@3.10.5
3 info using node@v6.3.1
4 silly loadCurrentTree Starting
5 silly install loadCurrentTree
6 silly install readLocalPackageData
7 silly fetchPackageMetaData chip-io
8 silly fetchNamedPackageData chip-io
9 silly mapToRegistry name chip-io
10 silly mapToRegistry using default registry
11 silly mapToRegistry registry https://registry.npmjs.org/
12 silly mapToRegistry data Result {
12 silly mapToRegistry   raw: 'chip-io',
12 silly mapToRegistry   scope: null,
12 silly mapToRegistry   escapedName: 'chip-io',
12 silly mapToRegistry   name: 'chip-io',
12 silly mapToRegistry   rawSpec: '',
12 silly mapToRegistry   spec: 'latest',
12 silly mapToRegistry   type: 'tag' }
13 silly mapToRegistry uri https://registry.npmjs.org/chip-io
14 verbose request uri https://registry.npmjs.org/chip-io
15 verbose request no auth needed
16 info attempt registry request try #1 at 5:54:20 PM
17 verbose request using bearer token for auth
18 verbose request id 647e2cb943d88dc0
19 http request GET https://registry.npmjs.org/chip-io
20 http 200 https://registry.npmjs.org/chip-io
21 verbose headers { server: 'CouchDB/1.5.0 (Erlang OTP/R16B03)',
21 verbose headers   etag: '"9HWP9MRLEOSWAPUOS5K600VVX"',
21 verbose headers   'content-type': 'application/json',
21 verbose headers   'content-encoding': 'gzip',
21 verbose headers   'cache-control': 'max-age=300',
21 verbose headers   'transfer-encoding': 'chunked',
21 verbose headers   'accept-ranges': 'bytes',
21 verbose headers   date: 'Mon, 15 Aug 2016 00:54:21 GMT',
21 verbose headers   via: '1.1 varnish',
21 verbose headers   connection: 'keep-alive',
21 verbose headers   'x-served-by': 'cache-sea1923-SEA',
21 verbose headers   'x-cache': 'MISS',
21 verbose headers   'x-cache-hits': '0',
21 verbose headers   'x-timer': 'S1471222461.064917,VS0,VE94',
21 verbose headers   vary: 'Accept-Encoding' }
22 silly get cb [ 200,
22 silly get   { server: 'CouchDB/1.5.0 (Erlang OTP/R16B03)',
22 silly get     etag: '"9HWP9MRLEOSWAPUOS5K600VVX"',
22 silly get     'content-type': 'application/json',
22 silly get     'content-encoding': 'gzip',
22 silly get     'cache-control': 'max-age=300',
22 silly get     'transfer-encoding': 'chunked',
22 silly get     'accept-ranges': 'bytes',
22 silly get     date: 'Mon, 15 Aug 2016 00:54:21 GMT',
22 silly get     via: '1.1 varnish',
22 silly get     connection: 'keep-alive',
22 silly get     'x-served-by': 'cache-sea1923-SEA',
22 silly get     'x-cache': 'MISS',
22 silly get     'x-cache-hits': '0',
22 silly get     'x-timer': 'S1471222461.064917,VS0,VE94',
22 silly get     vary: 'Accept-Encoding' } ]
23 verbose get saving chip-io to /Users/JakeHartnell/.npm/registry.npmjs.org/chip-io/.cache.json
24 verbose correctMkdir /Users/JakeHartnell/.npm correctMkdir not in flight; initializing
25 silly install normalizeTree
26 silly loadCurrentTree Finishing
27 silly loadIdealTree Starting
28 silly install loadIdealTree
29 silly cloneCurrentTree Starting
30 silly install cloneCurrentTreeToIdealTree
31 silly cloneCurrentTree Finishing
32 silly loadShrinkwrap Starting
33 silly install loadShrinkwrap
34 silly loadShrinkwrap Finishing
35 silly loadAllDepsIntoIdealTree Starting
36 silly install loadAllDepsIntoIdealTree
37 silly rollbackFailedOptional Starting
38 silly rollbackFailedOptional Finishing
39 silly runTopLevelLifecycles Starting
40 silly runTopLevelLifecycles Finishing
41 silly install printInstalled
42 verbose stack Error: Unsupported platform for chip-io@2.0.0: wanted {"name":"chip-io","version":"2.0.0","description":"Johnny-Five IO Plugin for the Next Thing Co. C.H.I.P.","main":"index.js","scripts":{"test":"jshint *.js lib/. examples/."},"repository":{"type":"git","url":"git+https://github.com/sandeepmistry/node-chip-io.git"},"keywords":["Next Thing Co.","C.H.I.P.","CHIP","johnny-five","io"],"author":{"name":"Sandeep Mistry","email":"sandeep.mistry@gmail.com"},"license":"MIT","bugs":{"url":"https://github.com/sandeepmistry/node-chip-io/issues"},"homepage":"https://github.com/sandeepmistry/node-chip-io#readme","devDependencies":{"johnny-five":"^0.9.17","jshint":"^2.9.1-rc2"},"dependencies":{"board-io":"^3.0.4","debug":"^2.2.0","errno":"^0.1.4","ffi":"^2.0.0","ref":"^1.3.2"},"os":["linux"],"gitHead":"cf615dd7440c6afb6bfe4b4b5e84980816e7caa0","_id":"chip-io@2.0.0","_shasum":"4150831f9b03bb53e5c5bf7c2f744b27afa0ae95","_from":"chip-io","_npmVersion":"2.15.5","_nodeVersion":"4.4.6","_npmUser":{"name":"sandeepmistry","email":"sandeep.mistry@gmail.com"},"maintainers":[{"name":"sandeepmistry","email":"sandeep.mistry@gmail.com"}],"dist":{"shasum":"4150831f9b03bb53e5c5bf7c2f744b27afa0ae95","tarball":"https://registry.npmjs.org/chip-io/-/chip-io-2.0.0.tgz"},"_npmOperationalInternal":{"host":"packages-16-east.internal.npmjs.com","tmp":"tmp/chip-io-2.0.0.tgz_1469298690709_0.14121135976165533"},"directories":{},"_resolved":"https://registry.npmjs.org/chip-io/-/chip-io-2.0.0.tgz","_requested":{"raw":"chip-io","scope":null,"escapedName":"chip-io","name":"chip-io","rawSpec":"","spec":"latest","type":"tag"},"_spec":"chip-io","_where":"/Users/JakeHartnell/Dev/Dr.Dose-Chip","_args":[[{"raw":"chip-io","scope":null,"escapedName":"chip-io","name":"chip-io","rawSpec":"","spec":"latest","type":"tag"},"/Users/JakeHartnell/Dev/Dr.Dose-Chip"]],"readme":"ERROR: No README data found!"} (current: {"os":"darwin","cpu":"x64"})
42 verbose stack     at checkPlatform (/usr/local/lib/node_modules/npm/node_modules/npm-install-checks/index.js:45:14)
42 verbose stack     at thenWarnEngineIssues (/usr/local/lib/node_modules/npm/lib/install/validate-args.js:41:5)
42 verbose stack     at /usr/local/lib/node_modules/npm/node_modules/iferr/index.js:13:50
42 verbose stack     at checkEngine (/usr/local/lib/node_modules/npm/node_modules/npm-install-checks/index.js:10:20)
42 verbose stack     at module.exports.isInstallable (/usr/local/lib/node_modules/npm/lib/install/validate-args.js:38:3)
42 verbose stack     at Array.<anonymous> (/usr/local/lib/node_modules/npm/node_modules/slide/lib/bind-actor.js:15:8)
42 verbose stack     at LOOP (/usr/local/lib/node_modules/npm/node_modules/slide/lib/chain.js:15:14)
42 verbose stack     at /usr/local/lib/node_modules/npm/node_modules/slide/lib/chain.js:18:7
42 verbose stack     at checkSelf (/usr/local/lib/node_modules/npm/lib/install/validate-args.js:46:72)
42 verbose stack     at Array.<anonymous> (/usr/local/lib/node_modules/npm/node_modules/slide/lib/bind-actor.js:15:8)
43 verbose pkgid chip-io@2.0.0
44 verbose cwd /Users/JakeHartnell/Dev/Dr.Dose-Chip
45 error Darwin 15.6.0
46 error argv "/usr/local/bin/node" "/usr/local/bin/npm" "install" "--save" "chip-io"
47 error node v6.3.1
48 error npm  v3.10.5
49 error code EBADPLATFORM
50 error notsup Not compatible with your operating system or architecture: chip-io@2.0.0
51 error notsup Valid OS:    linux
51 error notsup Valid Arch:  any
51 error notsup Actual OS:   darwin
51 error notsup Actual Arch: x64
52 verbose exit [ 1, true ]
